<?xml version="1.0" encoding="UTF-8"?>
<!-- Generated by org.testng.reporters.JUnitReportReporter -->
<testsuite hostname="DESKTOP-F8AFM4V" failures="0" tests="1" name="com.swaglabs.qa.testcases.CheckoutPage2Test" time="4.397" errors="0" timestamp="2022-03-25T13:31:14 IST" skipped="0">
  <testcase classname="com.swaglabs.qa.testcases.CheckoutPage2Test" name="enteringcheckoutDetailsTest" time="4.397"/>
</testsuite> <!-- com.swaglabs.qa.testcases.CheckoutPage2Test -->
