<?xml version="1.0" encoding="UTF-8"?>
<!-- Generated by org.testng.reporters.JUnitReportReporter -->
<testsuite hostname="DESKTOP-F8AFM4V" failures="0" tests="2" name="com.swaglabs.qa.testcases.CartPageTest" time="5.518" errors="0" timestamp="2022-03-25T17:20:57 IST" skipped="0">
  <testcase classname="com.swaglabs.qa.testcases.CartPageTest" name="clickingcheckoutLinkTest" time="2.766"/>
  <testcase classname="com.swaglabs.qa.testcases.CartPageTest" name="addedproductTest" time="2.752"/>
</testsuite> <!-- com.swaglabs.qa.testcases.CartPageTest -->
