<?xml version="1.0" encoding="UTF-8"?>
<!-- Generated by org.testng.reporters.JUnitReportReporter -->
<testsuite hostname="DESKTOP-F8AFM4V" failures="0" tests="1" name="com.swaglabs.qa.testcases.CheckoutPageTest" time="3.946" errors="0" timestamp="2022-03-25T17:20:57 IST" skipped="0">
  <testcase classname="com.swaglabs.qa.testcases.CheckoutPageTest" name="enteringcheckoutDetailsTest" time="3.946"/>
</testsuite> <!-- com.swaglabs.qa.testcases.CheckoutPageTest -->
