<?xml version="1.0" encoding="UTF-8"?>
<!-- Generated by org.testng.reporters.JUnitReportReporter -->
<testsuite hostname="DESKTOP-F8AFM4V" failures="0" tests="1" name="com.swaglabs.qa.testcases.LogOutPageTest" time="3.749" errors="0" timestamp="2022-03-25T17:20:57 IST" skipped="0">
  <testcase classname="com.swaglabs.qa.testcases.LogOutPageTest" name="VerifyinglogoutbtnTest" time="3.749"/>
</testsuite> <!-- com.swaglabs.qa.testcases.LogOutPageTest -->
